<?xml version="1.0" encoding="UTF-8"?>
<!-- Generated by org.testng.reporters.JUnitReportReporter -->
<testsuite hostname="a270139cd0f0" failures="0" tests="2" name="tests.UserAPITest" time="3.299" errors="0" timestamp="2025-06-12T22:32:58 GMT" skipped="0">
  <testcase classname="tests.UserAPITest" name="testGetUser" time="0.852"/>
  <system-out/>
  <testcase classname="tests.UserAPITest" name="testGetInvalidUser" time="2.447"/>
  <system-out/>
</testsuite> <!-- tests.UserAPITest -->
